  Exercise.cpp
C:\Users\lukab\source\repos\ShadersExercise_SDL\ShadersExercise_SDL\Object.h(112,15): warning C4244: 'initializing': conversion from 'const int' to 'float', possible loss of data
C:\Users\lukab\source\repos\ShadersExercise_SDL\ShadersExercise_SDL\Object.h(112,31): warning C4244: 'initializing': conversion from 'const int' to 'float', possible loss of data
C:\Users\lukab\source\repos\ShadersExercise_SDL\ShadersExercise_SDL\Object.h(113,15): warning C4244: 'initializing': conversion from 'const int' to 'float', possible loss of data
C:\Users\lukab\source\repos\ShadersExercise_SDL\ShadersExercise_SDL\Object.h(113,31): warning C4244: 'initializing': conversion from 'const int' to 'float', possible loss of data
C:\Users\lukab\source\repos\ShadersExercise_SDL\ShadersExercise_SDL\Object.h(114,15): warning C4244: 'initializing': conversion from 'const int' to 'float', possible loss of data
C:\Users\lukab\source\repos\ShadersExercise_SDL\ShadersExercise_SDL\Object.h(114,31): warning C4244: 'initializing': conversion from 'const int' to 'float', possible loss of data
C:\Users\lukab\source\repos\ShadersExercise_SDL\ShadersExercise_SDL\Object.h(74,29): warning C4244: 'argument': conversion from 'T' to 'const unsigned int', possible loss of data
          with
          [
              T=float
          ]
C:\Users\lukab\source\repos\ShadersExercise_SDL\ShadersExercise_SDL\Object.h(75,29): warning C4244: 'argument': conversion from 'T' to 'const unsigned int', possible loss of data
          with
          [
              T=float
          ]
C:\Users\lukab\source\repos\ShadersExercise_SDL\ShadersExercise_SDL\Object.h(76,29): warning C4244: 'argument': conversion from 'T' to 'const unsigned int', possible loss of data
          with
          [
              T=float
          ]
C:\Users\lukab\source\repos\ShadersExercise_SDL\ShadersExercise_SDL\Exercise.cpp(40,24): warning C4244: 'argument': conversion from 'time_t' to 'unsigned int', possible loss of data
C:\Users\lukab\source\repos\ShadersExercise_SDL\ShadersExercise_SDL\Exercise.cpp(121,21): warning C4018: '<': signed/unsigned mismatch
C:\Users\lukab\source\repos\ShadersExercise_SDL\ShadersExercise_SDL\Exercise.cpp(129,21): warning C4018: '<': signed/unsigned mismatch
  ShadersExercise_SDL.vcxproj -> C:\Users\lukab\source\repos\ShadersExercise_SDL\Debug\ShadersExercise_SDL.exe
